Wed Dec 13 2017 17:52:20 GMT+0000 (GMT): GET /
Wed Dec 13 2017 17:56:13 GMT+0000 (GMT): GET /
Wed Dec 13 2017 17:56:22 GMT+0000 (GMT): GET /
Wed Dec 13 2017 17:56:24 GMT+0000 (GMT): GET /
Wed Dec 13 2017 17:56:25 GMT+0000 (GMT): GET /
Wed Dec 13 2017 17:58:42 GMT+0000 (GMT): GET /help.html
Thu Dec 14 2017 17:59:12 GMT+0000 (GMT): GET /
Thu Dec 14 2017 17:59:12 GMT+0000 (GMT): GET /favicon.ico
Thu Dec 14 2017 17:59:15 GMT+0000 (GMT): GET /
Thu Dec 14 2017 17:59:15 GMT+0000 (GMT): GET /favicon.ico
Thu Dec 14 2017 17:59:19 GMT+0000 (GMT): GET /
Thu Dec 14 2017 17:59:19 GMT+0000 (GMT): GET /favicon.ico
Thu Dec 14 2017 17:59:39 GMT+0000 (GMT): GET /projects
Thu Dec 14 2017 17:59:41 GMT+0000 (GMT): GET /
Thu Dec 14 2017 17:59:42 GMT+0000 (GMT): GET /about
Thu Dec 14 2017 17:59:42 GMT+0000 (GMT): GET /
Thu Dec 14 2017 17:59:52 GMT+0000 (GMT): GET /
Thu Dec 14 2017 17:59:52 GMT+0000 (GMT): GET /favicon.ico
Thu Dec 14 2017 18:00:24 GMT+0000 (GMT): GET /
Thu Dec 14 2017 18:00:25 GMT+0000 (GMT): GET /
Thu Dec 14 2017 18:01:07 GMT+0000 (GMT): GET /
Thu Dec 14 2017 18:01:09 GMT+0000 (GMT): GET /about
Thu Dec 14 2017 18:01:10 GMT+0000 (GMT): GET /projects
Thu Dec 14 2017 18:01:11 GMT+0000 (GMT): GET /about
Thu Dec 14 2017 18:01:12 GMT+0000 (GMT): GET /
Thu Dec 14 2017 18:01:12 GMT+0000 (GMT): GET /about
Thu Dec 14 2017 18:01:13 GMT+0000 (GMT): GET /projects
Thu Dec 14 2017 18:01:14 GMT+0000 (GMT): GET /about
Thu Dec 14 2017 18:01:15 GMT+0000 (GMT): GET /
Thu Dec 14 2017 18:01:17 GMT+0000 (GMT): GET /projects
